Build started 3/11/2014 3:27:40 p.m..
     1>Project "H:\Assignments\WinSolitaire\Solitaire\Solitaire.vcxproj" on node 2 (Build target(s)).
     1>ClCompile:
         C:\Program Files (x86)\Microsoft Visual Studio 11.0\VC\bin\CL.exe /c /ZI /nologo /W3 /WX- /Od /Oy- /D WIN32 /D _DEBUG /D _WINDOWS /D _UNICODE /D UNICODE /Gm /EHsc /RTC1 /MDd /GS /fp:precise /Zc:wchar_t /Zc:forScope /Fo"Debug\\" /Fd"Debug\vc110.pdb" /Gd /TP /analyze- /errorReport:prompt game.cpp
         game.cpp
       ResourceCompile:
         C:\Program Files (x86)\Windows Kits\8.0\bin\x86\rc.exe /D _UNICODE /D UNICODE /l"0x0409" /nologo /fo"Debug\resource.res" resource.rc 
       Link:
         C:\Program Files (x86)\Microsoft Visual Studio 11.0\VC\bin\link.exe /ERRORREPORT:PROMPT /OUT:"H:\Assignments\WinSolitaire\Debug\Solitaire.exe" /INCREMENTAL /NOLOGO winmm.lib Msimg32.lib kernel32.lib user32.lib gdi32.lib winspool.lib comdlg32.lib advapi32.lib shell32.lib ole32.lib oleaut32.lib uuid.lib odbc32.lib odbccp32.lib /MANIFEST /MANIFESTUAC:"level='asInvoker' uiAccess='false'" /manifest:embed /DEBUG /PDB:"H:\Assignments\WinSolitaire\Debug\Solitaire.pdb" /SUBSYSTEM:WINDOWS /TLBID:1 /DYNAMICBASE /NXCOMPAT /IMPLIB:"H:\Assignments\WinSolitaire\Debug\Solitaire.lib" /MACHINE:X86 Debug\resource.res
         Debug\backbuffer.obj
         Debug\ball.obj
         Debug\brick.obj
         Debug\cards.obj
         Debug\clock.obj
         Debug\entity.obj
         Debug\game.obj
         Debug\level.obj
         Debug\main.obj
         Debug\paddle.obj
         Debug\sprite.obj
         Solitaire.vcxproj -> H:\Assignments\WinSolitaire\Debug\Solitaire.exe
     1>Done Building Project "H:\Assignments\WinSolitaire\Solitaire\Solitaire.vcxproj" (Build target(s)).

Build succeeded.

Time Elapsed 00:00:06.72
