H:\ASSIGNMENTS\WINSOLITAIRE\SOLITAIRE\DEBUG\BACKBUFFER.OBJ
H:\ASSIGNMENTS\WINSOLITAIRE\SOLITAIRE\DEBUG\BALL.OBJ
H:\ASSIGNMENTS\WINSOLITAIRE\SOLITAIRE\DEBUG\BRICK.OBJ
H:\ASSIGNMENTS\WINSOLITAIRE\SOLITAIRE\DEBUG\CARDS.OBJ
H:\ASSIGNMENTS\WINSOLITAIRE\SOLITAIRE\DEBUG\CLOCK.OBJ
H:\ASSIGNMENTS\WINSOLITAIRE\SOLITAIRE\DEBUG\ENTITY.OBJ
H:\ASSIGNMENTS\WINSOLITAIRE\SOLITAIRE\DEBUG\GAME.OBJ
H:\ASSIGNMENTS\WINSOLITAIRE\SOLITAIRE\DEBUG\LEVEL.OBJ
H:\ASSIGNMENTS\WINSOLITAIRE\SOLITAIRE\DEBUG\MAIN.OBJ
H:\ASSIGNMENTS\WINSOLITAIRE\SOLITAIRE\DEBUG\PADDLE.OBJ
H:\ASSIGNMENTS\WINSOLITAIRE\SOLITAIRE\DEBUG\SPRITE.OBJ
H:\ASSIGNMENTS\WINSOLITAIRE\SOLITAIRE\DEBUG\VC100.PDB
H:\ASSIGNMENTS\WINSOLITAIRE\SOLITAIRE\DEBUG\VC110.PDB
H:\ASSIGNMENTS\WINSOLITAIRE\DEBUG\SOLITAIRE.ILK
H:\ASSIGNMENTS\WINSOLITAIRE\DEBUG\SOLITAIRE.EXE
H:\ASSIGNMENTS\WINSOLITAIRE\SOLITAIRE\DEBUG\SOLITAIRE.EXE.INTERMEDIATE.MANIFEST
H:\ASSIGNMENTS\WINSOLITAIRE\DEBUG\SOLITAIRE.PDB
H:\ASSIGNMENTS\WINSOLITAIRE\SOLITAIRE\DEBUG\SOLITAIRE.EXE.EMBED.MANIFEST
H:\ASSIGNMENTS\WINSOLITAIRE\SOLITAIRE\DEBUG\SOLITAIRE.EXE.EMBED.MANIFEST.RES
H:\ASSIGNMENTS\WINSOLITAIRE\SOLITAIRE\DEBUG\RESOURCE.RES
H:\Assignments\WinSolitaire\Solitaire\Debug\backbuffer.obj
H:\Assignments\WinSolitaire\Solitaire\Debug\ball.obj
H:\Assignments\WinSolitaire\Solitaire\Debug\brick.obj
H:\Assignments\WinSolitaire\Solitaire\Debug\cards.obj
H:\Assignments\WinSolitaire\Solitaire\Debug\clock.obj
H:\Assignments\WinSolitaire\Solitaire\Debug\entity.obj
H:\Assignments\WinSolitaire\Solitaire\Debug\game.obj
H:\Assignments\WinSolitaire\Solitaire\Debug\level.obj
H:\Assignments\WinSolitaire\Solitaire\Debug\main.obj
H:\Assignments\WinSolitaire\Solitaire\Debug\paddle.obj
H:\Assignments\WinSolitaire\Solitaire\Debug\sprite.obj
H:\Assignments\WinSolitaire\Solitaire\Debug\cl.command.1.tlog
H:\Assignments\WinSolitaire\Solitaire\Debug\CL.read.1.tlog
H:\Assignments\WinSolitaire\Solitaire\Debug\CL.write.1.tlog
H:\Assignments\WinSolitaire\Solitaire\Debug\link-cvtres.read.1.tlog
H:\Assignments\WinSolitaire\Solitaire\Debug\link-cvtres.write.1.tlog
H:\Assignments\WinSolitaire\Solitaire\Debug\link-rc.read.1.tlog
H:\Assignments\WinSolitaire\Solitaire\Debug\link-rc.write.1.tlog
H:\Assignments\WinSolitaire\Solitaire\Debug\link.command.1.tlog
H:\Assignments\WinSolitaire\Solitaire\Debug\link.read.1.tlog
H:\Assignments\WinSolitaire\Solitaire\Debug\link.write.1.tlog
H:\Assignments\WinSolitaire\Solitaire\Debug\mt.command.1.tlog
H:\Assignments\WinSolitaire\Solitaire\Debug\mt.read.1.tlog
H:\Assignments\WinSolitaire\Solitaire\Debug\mt.write.1.tlog
H:\Assignments\WinSolitaire\Solitaire\Debug\rc.command.1.tlog
H:\Assignments\WinSolitaire\Solitaire\Debug\rc.read.1.tlog
H:\Assignments\WinSolitaire\Solitaire\Debug\rc.write.1.tlog
H:\Assignments\WinSolitaire\Solitaire\Debug\Solitaire.write.1.tlog
H:\Assignments\WinSolitaire\Solitaire\Debug\Solitaire.exe.embed.manifest
H:\Assignments\WinSolitaire\Solitaire\Debug\Solitaire.exe.intermediate.manifest
H:\Assignments\WinSolitaire\Solitaire\Debug\resource.res
H:\Assignments\WinSolitaire\Solitaire\Debug\Solitaire.exe.embed.manifest.res
H:\Assignments\WinSolitaire\Solitaire\Debug\vc100.idb
H:\Assignments\WinSolitaire\Solitaire\Debug\vc110.idb
H:\Assignments\WinSolitaire\Solitaire\Debug\vc100.pdb
H:\Assignments\WinSolitaire\Solitaire\Debug\vc110.pdb
H:\Assignments\WinSolitaire\Solitaire\Debug\Solitaire_manifest.rc
H:\Assignments\WinSolitaire\Debug\Solitaire.pdb
